Analysis & Synthesis report for module_design
Fri Apr 01 13:19:55 2022
Quartus Prime Version 20.1.1 Build 720 11/11/2020 SJ Lite Edition


---------------------
; Table of Contents ;
---------------------
  1. Legal Notice
  2. Analysis & Synthesis Summary
  3. Analysis & Synthesis Settings
  4. Parallel Compilation
  5. Analysis & Synthesis Source Files Read
  6. Analysis & Synthesis Resource Usage Summary
  7. Analysis & Synthesis Resource Utilization by Entity
  8. General Register Statistics
  9. Multiplexer Restructuring Statistics (Restructuring Performed)
 10. Parameter Settings for User Entity Instance: alu_8op:inst6
 11. Parameter Settings for User Entity Instance: mux_2x1:mux_alu
 12. Parameter Settings for User Entity Instance: const_value:inst12
 13. Parameter Settings for User Entity Instance: simp_reg_sync_reset:inst4
 14. Parameter Settings for User Entity Instance: shift_reg:inst7
 15. Parameter Settings for User Entity Instance: mux_2x1:mux_acc
 16. Parameter Settings for User Entity Instance: shift_reg:inst8
 17. Parameter Settings for User Entity Instance: simp_reg_sync_reset:inst31
 18. Parameter Settings for User Entity Instance: mux_2x1:mux_r1
 19. Post-Synthesis Netlist Statistics for Top Partition
 20. Elapsed Time Per Partition
 21. Analysis & Synthesis Messages



----------------
; Legal Notice ;
----------------
Copyright (C) 2020  Intel Corporation. All rights reserved.
Your use of Intel Corporation's design tools, logic functions 
and other software and tools, and any partner logic 
functions, and any output files from any of the foregoing 
(including device programming or simulation files), and any 
associated documentation or information are expressly subject 
to the terms and conditions of the Intel Program License 
Subscription Agreement, the Intel Quartus Prime License Agreement,
the Intel FPGA IP License Agreement, or other applicable license
agreement, including, without limitation, that your use is for
the sole purpose of programming logic devices manufactured by
Intel and sold by Intel or its authorized distributors.  Please
refer to the applicable agreement for further details, at
https://fpgasoftware.intel.com/eula.



+-------------------------------------------------------------------------------+
; Analysis & Synthesis Summary                                                  ;
+---------------------------------+---------------------------------------------+
; Analysis & Synthesis Status     ; Successful - Fri Apr 01 13:19:55 2022       ;
; Quartus Prime Version           ; 20.1.1 Build 720 11/11/2020 SJ Lite Edition ;
; Revision Name                   ; module_design                               ;
; Top-level Entity Name           ; datapath_design                             ;
; Family                          ; Cyclone V                                   ;
; Logic utilization (in ALMs)     ; N/A                                         ;
; Total registers                 ; 16                                          ;
; Total pins                      ; 30                                          ;
; Total virtual pins              ; 0                                           ;
; Total block memory bits         ; 0                                           ;
; Total DSP Blocks                ; 0                                           ;
; Total HSSI RX PCSs              ; 0                                           ;
; Total HSSI PMA RX Deserializers ; 0                                           ;
; Total HSSI TX PCSs              ; 0                                           ;
; Total HSSI PMA TX Serializers   ; 0                                           ;
; Total PLLs                      ; 0                                           ;
; Total DLLs                      ; 0                                           ;
+---------------------------------+---------------------------------------------+


+---------------------------------------------------------------------------------------------------------------------------+
; Analysis & Synthesis Settings                                                                                             ;
+---------------------------------------------------------------------------------+--------------------+--------------------+
; Option                                                                          ; Setting            ; Default Value      ;
+---------------------------------------------------------------------------------+--------------------+--------------------+
; Device                                                                          ; 5CGXFC7C7F23C8     ;                    ;
; Top-level entity name                                                           ; datapath_design    ; module_design      ;
; Family name                                                                     ; Cyclone V          ; Cyclone V          ;
; Use smart compilation                                                           ; Off                ; Off                ;
; Enable parallel Assembler and Timing Analyzer during compilation                ; On                 ; On                 ;
; Enable compact report table                                                     ; Off                ; Off                ;
; Restructure Multiplexers                                                        ; Auto               ; Auto               ;
; MLAB Add Timing Constraints For Mixed-Port Feed-Through Mode Setting Don't Care ; Off                ; Off                ;
; Create Debugging Nodes for IP Cores                                             ; Off                ; Off                ;
; Preserve fewer node names                                                       ; On                 ; On                 ;
; Intel FPGA IP Evaluation Mode                                                   ; Enable             ; Enable             ;
; Verilog Version                                                                 ; Verilog_2001       ; Verilog_2001       ;
; VHDL Version                                                                    ; VHDL_1993          ; VHDL_1993          ;
; State Machine Processing                                                        ; Auto               ; Auto               ;
; Safe State Machine                                                              ; Off                ; Off                ;
; Extract Verilog State Machines                                                  ; On                 ; On                 ;
; Extract VHDL State Machines                                                     ; On                 ; On                 ;
; Ignore Verilog initial constructs                                               ; Off                ; Off                ;
; Iteration limit for constant Verilog loops                                      ; 5000               ; 5000               ;
; Iteration limit for non-constant Verilog loops                                  ; 250                ; 250                ;
; Add Pass-Through Logic to Inferred RAMs                                         ; On                 ; On                 ;
; Infer RAMs from Raw Logic                                                       ; On                 ; On                 ;
; Parallel Synthesis                                                              ; On                 ; On                 ;
; DSP Block Balancing                                                             ; Auto               ; Auto               ;
; NOT Gate Push-Back                                                              ; On                 ; On                 ;
; Power-Up Don't Care                                                             ; On                 ; On                 ;
; Remove Redundant Logic Cells                                                    ; Off                ; Off                ;
; Remove Duplicate Registers                                                      ; On                 ; On                 ;
; Ignore CARRY Buffers                                                            ; Off                ; Off                ;
; Ignore CASCADE Buffers                                                          ; Off                ; Off                ;
; Ignore GLOBAL Buffers                                                           ; Off                ; Off                ;
; Ignore ROW GLOBAL Buffers                                                       ; Off                ; Off                ;
; Ignore LCELL Buffers                                                            ; Off                ; Off                ;
; Ignore SOFT Buffers                                                             ; On                 ; On                 ;
; Limit AHDL Integers to 32 Bits                                                  ; Off                ; Off                ;
; Optimization Technique                                                          ; Balanced           ; Balanced           ;
; Carry Chain Length                                                              ; 70                 ; 70                 ;
; Auto Carry Chains                                                               ; On                 ; On                 ;
; Auto Open-Drain Pins                                                            ; On                 ; On                 ;
; Perform WYSIWYG Primitive Resynthesis                                           ; Off                ; Off                ;
; Auto ROM Replacement                                                            ; On                 ; On                 ;
; Auto RAM Replacement                                                            ; On                 ; On                 ;
; Auto DSP Block Replacement                                                      ; On                 ; On                 ;
; Auto Shift Register Replacement                                                 ; Auto               ; Auto               ;
; Allow Shift Register Merging across Hierarchies                                 ; Auto               ; Auto               ;
; Auto Clock Enable Replacement                                                   ; On                 ; On                 ;
; Strict RAM Replacement                                                          ; Off                ; Off                ;
; Allow Synchronous Control Signals                                               ; On                 ; On                 ;
; Force Use of Synchronous Clear Signals                                          ; Off                ; Off                ;
; Auto Resource Sharing                                                           ; Off                ; Off                ;
; Allow Any RAM Size For Recognition                                              ; Off                ; Off                ;
; Allow Any ROM Size For Recognition                                              ; Off                ; Off                ;
; Allow Any Shift Register Size For Recognition                                   ; Off                ; Off                ;
; Use LogicLock Constraints during Resource Balancing                             ; On                 ; On                 ;
; Ignore translate_off and synthesis_off directives                               ; Off                ; Off                ;
; Timing-Driven Synthesis                                                         ; On                 ; On                 ;
; Report Parameter Settings                                                       ; On                 ; On                 ;
; Report Source Assignments                                                       ; On                 ; On                 ;
; Report Connectivity Checks                                                      ; On                 ; On                 ;
; Ignore Maximum Fan-Out Assignments                                              ; Off                ; Off                ;
; Synchronization Register Chain Length                                           ; 3                  ; 3                  ;
; Power Optimization During Synthesis                                             ; Normal compilation ; Normal compilation ;
; HDL message level                                                               ; Level2             ; Level2             ;
; Suppress Register Optimization Related Messages                                 ; Off                ; Off                ;
; Number of Removed Registers Reported in Synthesis Report                        ; 5000               ; 5000               ;
; Number of Swept Nodes Reported in Synthesis Report                              ; 5000               ; 5000               ;
; Number of Inverted Registers Reported in Synthesis Report                       ; 100                ; 100                ;
; Clock MUX Protection                                                            ; On                 ; On                 ;
; Auto Gated Clock Conversion                                                     ; Off                ; Off                ;
; Block Design Naming                                                             ; Auto               ; Auto               ;
; SDC constraint protection                                                       ; Off                ; Off                ;
; Synthesis Effort                                                                ; Auto               ; Auto               ;
; Shift Register Replacement - Allow Asynchronous Clear Signal                    ; On                 ; On                 ;
; Pre-Mapping Resynthesis Optimization                                            ; Off                ; Off                ;
; Analysis & Synthesis Message Level                                              ; Medium             ; Medium             ;
; Disable Register Merging Across Hierarchies                                     ; Auto               ; Auto               ;
; Resource Aware Inference For Block RAM                                          ; On                 ; On                 ;
; Automatic Parallel Synthesis                                                    ; On                 ; On                 ;
; Partial Reconfiguration Bitstream ID                                            ; Off                ; Off                ;
+---------------------------------------------------------------------------------+--------------------+--------------------+


+------------------------------------------+
; Parallel Compilation                     ;
+----------------------------+-------------+
; Processors                 ; Number      ;
+----------------------------+-------------+
; Number detected on machine ; 8           ;
; Maximum allowed            ; 4           ;
;                            ;             ;
; Average used               ; 1.00        ;
; Maximum used               ; 4           ;
;                            ;             ;
; Usage by Processor         ; % Time Used ;
;     Processor 1            ; 100.0%      ;
;     Processors 2-4         ;   0.0%      ;
+----------------------------+-------------+


+----------------------------------------------------------------------------------------------------------------------------------------------------+
; Analysis & Synthesis Source Files Read                                                                                                             ;
+----------------------------------+-----------------+------------------------------------+------------------------------------------------+---------+
; File Name with User-Entered Path ; Used in Netlist ; File Type                          ; File Name with Absolute Path                   ; Library ;
+----------------------------------+-----------------+------------------------------------+------------------------------------------------+---------+
; const_value.v                    ; yes             ; User Verilog HDL File              ; D:/OKUL/4-2/446/LAB/EXP1/const_value.v         ;         ;
; mux_2x1.v                        ; yes             ; User Verilog HDL File              ; D:/OKUL/4-2/446/LAB/EXP1/mux_2x1.v             ;         ;
; alu_8op.v                        ; yes             ; User Verilog HDL File              ; D:/OKUL/4-2/446/LAB/EXP1/alu_8op.v             ;         ;
; simp_reg_sync_reset.v            ; yes             ; User Verilog HDL File              ; D:/OKUL/4-2/446/LAB/EXP1/simp_reg_sync_reset.v ;         ;
; shift_reg.v                      ; yes             ; User Verilog HDL File              ; D:/OKUL/4-2/446/LAB/EXP1/shift_reg.v           ;         ;
; datapath_design.bdf              ; yes             ; User Block Diagram/Schematic File  ; D:/OKUL/4-2/446/LAB/EXP1/datapath_design.bdf   ;         ;
+----------------------------------+-----------------+------------------------------------+------------------------------------------------+---------+


+--------------------------------------------------------------------------------+
; Analysis & Synthesis Resource Usage Summary                                    ;
+---------------------------------------------+----------------------------------+
; Resource                                    ; Usage                            ;
+---------------------------------------------+----------------------------------+
; Estimate of Logic utilization (ALMs needed) ; 31                               ;
;                                             ;                                  ;
; Combinational ALUT usage for logic          ; 48                               ;
;     -- 7 input functions                    ; 1                                ;
;     -- 6 input functions                    ; 12                               ;
;     -- 5 input functions                    ; 13                               ;
;     -- 4 input functions                    ; 9                                ;
;     -- <=3 input functions                  ; 13                               ;
;                                             ;                                  ;
; Dedicated logic registers                   ; 16                               ;
;                                             ;                                  ;
; I/O pins                                    ; 30                               ;
;                                             ;                                  ;
; Total DSP Blocks                            ; 0                                ;
;                                             ;                                  ;
; Maximum fan-out node                        ; simp_reg_sync_reset:inst4|out[0] ;
; Maximum fan-out                             ; 17                               ;
; Total fan-out                               ; 289                              ;
; Average fan-out                             ; 2.33                             ;
+---------------------------------------------+----------------------------------+


+-----------------------------------------------------------------------------------------------------------------------------------------------------------------------------------------------------------------------------+
; Analysis & Synthesis Resource Utilization by Entity                                                                                                                                                                         ;
+---------------------------------+---------------------+---------------------------+-------------------+------------+------+--------------+---------------------------------------------+---------------------+--------------+
; Compilation Hierarchy Node      ; Combinational ALUTs ; Dedicated Logic Registers ; Block Memory Bits ; DSP Blocks ; Pins ; Virtual Pins ; Full Hierarchy Name                         ; Entity Name         ; Library Name ;
+---------------------------------+---------------------+---------------------------+-------------------+------------+------+--------------+---------------------------------------------+---------------------+--------------+
; |datapath_design                ; 48 (0)              ; 16 (0)                    ; 0                 ; 0          ; 30   ; 0            ; |datapath_design                            ; datapath_design     ; work         ;
;    |alu_8op:inst6|              ; 29 (29)             ; 0 (0)                     ; 0                 ; 0          ; 0    ; 0            ; |datapath_design|alu_8op:inst6              ; alu_8op             ; work         ;
;    |shift_reg:inst7|            ; 7 (7)               ; 4 (4)                     ; 0                 ; 0          ; 0    ; 0            ; |datapath_design|shift_reg:inst7            ; shift_reg           ; work         ;
;    |shift_reg:inst8|            ; 4 (4)               ; 4 (4)                     ; 0                 ; 0          ; 0    ; 0            ; |datapath_design|shift_reg:inst8            ; shift_reg           ; work         ;
;    |simp_reg_sync_reset:inst31| ; 4 (4)               ; 4 (4)                     ; 0                 ; 0          ; 0    ; 0            ; |datapath_design|simp_reg_sync_reset:inst31 ; simp_reg_sync_reset ; work         ;
;    |simp_reg_sync_reset:inst4|  ; 4 (4)               ; 4 (4)                     ; 0                 ; 0          ; 0    ; 0            ; |datapath_design|simp_reg_sync_reset:inst4  ; simp_reg_sync_reset ; work         ;
+---------------------------------+---------------------+---------------------------+-------------------+------------+------+--------------+---------------------------------------------+---------------------+--------------+
Note: For table entries with two numbers listed, the numbers in parentheses indicate the number of resources of the given type used by the specific entity alone. The numbers listed outside of parentheses indicate the total resources of the given type used by the specific entity and all of its sub-entities in the hierarchy.


+------------------------------------------------------+
; General Register Statistics                          ;
+----------------------------------------------+-------+
; Statistic                                    ; Value ;
+----------------------------------------------+-------+
; Total registers                              ; 16    ;
; Number of registers using Synchronous Clear  ; 0     ;
; Number of registers using Synchronous Load   ; 0     ;
; Number of registers using Asynchronous Clear ; 0     ;
; Number of registers using Asynchronous Load  ; 0     ;
; Number of registers using Clock Enable       ; 0     ;
; Number of registers using Preset             ; 0     ;
+----------------------------------------------+-------+


+------------------------------------------------------------------------------------------------------------------------------------------------------------------+
; Multiplexer Restructuring Statistics (Restructuring Performed)                                                                                                   ;
+--------------------+-----------+---------------+----------------------+------------------------+------------+----------------------------------------------------+
; Multiplexer Inputs ; Bus Width ; Baseline Area ; Area if Restructured ; Saving if Restructured ; Registered ; Example Multiplexer Output                         ;
+--------------------+-----------+---------------+----------------------+------------------------+------------+----------------------------------------------------+
; 3:1                ; 4 bits    ; 8 LEs         ; 8 LEs                ; 0 LEs                  ; Yes        ; |datapath_design|shift_reg:inst8|out[3]            ;
; 3:1                ; 4 bits    ; 8 LEs         ; 8 LEs                ; 0 LEs                  ; Yes        ; |datapath_design|simp_reg_sync_reset:inst31|out[3] ;
; 4:1                ; 4 bits    ; 8 LEs         ; 8 LEs                ; 0 LEs                  ; Yes        ; |datapath_design|shift_reg:inst7|out[3]            ;
; 4:1                ; 2 bits    ; 4 LEs         ; 4 LEs                ; 0 LEs                  ; No         ; |datapath_design|alu_8op:inst6|CO                  ;
; 7:1                ; 3 bits    ; 12 LEs        ; 12 LEs               ; 0 LEs                  ; No         ; |datapath_design|alu_8op:inst6|out[3]              ;
+--------------------+-----------+---------------+----------------------+------------------------+------------+----------------------------------------------------+


+------------------------------------------------------------+
; Parameter Settings for User Entity Instance: alu_8op:inst6 ;
+----------------+-------+-----------------------------------+
; Parameter Name ; Value ; Type                              ;
+----------------+-------+-----------------------------------+
; W              ; 4     ; Signed Integer                    ;
+----------------+-------+-----------------------------------+
Note: In order to hide this table in the UI and the text report file, please set the "Show Parameter Settings in Synthesis Report" option in "Analysis and Synthesis Settings -> More Settings" to "Off".


+--------------------------------------------------------------+
; Parameter Settings for User Entity Instance: mux_2x1:mux_alu ;
+----------------+-------+-------------------------------------+
; Parameter Name ; Value ; Type                                ;
+----------------+-------+-------------------------------------+
; W              ; 4     ; Signed Integer                      ;
+----------------+-------+-------------------------------------+
Note: In order to hide this table in the UI and the text report file, please set the "Show Parameter Settings in Synthesis Report" option in "Analysis and Synthesis Settings -> More Settings" to "Off".


+-----------------------------------------------------------------+
; Parameter Settings for User Entity Instance: const_value:inst12 ;
+----------------+-------+----------------------------------------+
; Parameter Name ; Value ; Type                                   ;
+----------------+-------+----------------------------------------+
; W              ; 4     ; Signed Integer                         ;
; value          ; 1     ; Signed Integer                         ;
+----------------+-------+----------------------------------------+
Note: In order to hide this table in the UI and the text report file, please set the "Show Parameter Settings in Synthesis Report" option in "Analysis and Synthesis Settings -> More Settings" to "Off".


+------------------------------------------------------------------------+
; Parameter Settings for User Entity Instance: simp_reg_sync_reset:inst4 ;
+----------------+-------+-----------------------------------------------+
; Parameter Name ; Value ; Type                                          ;
+----------------+-------+-----------------------------------------------+
; W              ; 4     ; Signed Integer                                ;
+----------------+-------+-----------------------------------------------+
Note: In order to hide this table in the UI and the text report file, please set the "Show Parameter Settings in Synthesis Report" option in "Analysis and Synthesis Settings -> More Settings" to "Off".


+--------------------------------------------------------------+
; Parameter Settings for User Entity Instance: shift_reg:inst7 ;
+----------------+-------+-------------------------------------+
; Parameter Name ; Value ; Type                                ;
+----------------+-------+-------------------------------------+
; W              ; 4     ; Signed Integer                      ;
+----------------+-------+-------------------------------------+
Note: In order to hide this table in the UI and the text report file, please set the "Show Parameter Settings in Synthesis Report" option in "Analysis and Synthesis Settings -> More Settings" to "Off".


+--------------------------------------------------------------+
; Parameter Settings for User Entity Instance: mux_2x1:mux_acc ;
+----------------+-------+-------------------------------------+
; Parameter Name ; Value ; Type                                ;
+----------------+-------+-------------------------------------+
; W              ; 4     ; Signed Integer                      ;
+----------------+-------+-------------------------------------+
Note: In order to hide this table in the UI and the text report file, please set the "Show Parameter Settings in Synthesis Report" option in "Analysis and Synthesis Settings -> More Settings" to "Off".


+--------------------------------------------------------------+
; Parameter Settings for User Entity Instance: shift_reg:inst8 ;
+----------------+-------+-------------------------------------+
; Parameter Name ; Value ; Type                                ;
+----------------+-------+-------------------------------------+
; W              ; 4     ; Signed Integer                      ;
+----------------+-------+-------------------------------------+
Note: In order to hide this table in the UI and the text report file, please set the "Show Parameter Settings in Synthesis Report" option in "Analysis and Synthesis Settings -> More Settings" to "Off".


+-------------------------------------------------------------------------+
; Parameter Settings for User Entity Instance: simp_reg_sync_reset:inst31 ;
+----------------+-------+------------------------------------------------+
; Parameter Name ; Value ; Type                                           ;
+----------------+-------+------------------------------------------------+
; W              ; 4     ; Signed Integer                                 ;
+----------------+-------+------------------------------------------------+
Note: In order to hide this table in the UI and the text report file, please set the "Show Parameter Settings in Synthesis Report" option in "Analysis and Synthesis Settings -> More Settings" to "Off".


+-------------------------------------------------------------+
; Parameter Settings for User Entity Instance: mux_2x1:mux_r1 ;
+----------------+-------+------------------------------------+
; Parameter Name ; Value ; Type                               ;
+----------------+-------+------------------------------------+
; W              ; 4     ; Signed Integer                     ;
+----------------+-------+------------------------------------+
Note: In order to hide this table in the UI and the text report file, please set the "Show Parameter Settings in Synthesis Report" option in "Analysis and Synthesis Settings -> More Settings" to "Off".


+-----------------------------------------------------+
; Post-Synthesis Netlist Statistics for Top Partition ;
+-----------------------+-----------------------------+
; Type                  ; Count                       ;
+-----------------------+-----------------------------+
; arriav_ff             ; 16                          ;
;     plain             ; 16                          ;
; arriav_lcell_comb     ; 48                          ;
;     extend            ; 1                           ;
;         7 data inputs ; 1                           ;
;     normal            ; 47                          ;
;         2 data inputs ; 8                           ;
;         3 data inputs ; 5                           ;
;         4 data inputs ; 9                           ;
;         5 data inputs ; 13                          ;
;         6 data inputs ; 12                          ;
; boundary_port         ; 30                          ;
;                       ;                             ;
; Max LUT depth         ; 3.00                        ;
; Average LUT depth     ; 2.04                        ;
+-----------------------+-----------------------------+


+-------------------------------+
; Elapsed Time Per Partition    ;
+----------------+--------------+
; Partition Name ; Elapsed Time ;
+----------------+--------------+
; Top            ; 00:00:00     ;
+----------------+--------------+


+-------------------------------+
; Analysis & Synthesis Messages ;
+-------------------------------+
Info: *******************************************************************
Info: Running Quartus Prime Analysis & Synthesis
    Info: Version 20.1.1 Build 720 11/11/2020 SJ Lite Edition
    Info: Processing started: Fri Apr 01 13:19:46 2022
Info: Command: quartus_map --read_settings_files=on --write_settings_files=off module_design -c module_design
Warning (18236): Number of processors has not been specified which may cause overloading on shared machines.  Set the global assignment NUM_PARALLEL_PROCESSORS in your QSF to an appropriate value for best performance.
Info (20030): Parallel compilation is enabled and will use 4 of the 4 processors detected
Info (12021): Found 1 design units, including 1 entities, in source file const_value.v
    Info (12023): Found entity 1: const_value File: D:/OKUL/4-2/446/LAB/EXP1/const_value.v Line: 1
Info (12021): Found 1 design units, including 1 entities, in source file decoder_2x4.v
    Info (12023): Found entity 1: decoder_2x4 File: D:/OKUL/4-2/446/LAB/EXP1/decoder_2x4.v Line: 1
Info (12021): Found 1 design units, including 1 entities, in source file mux_2x1.v
    Info (12023): Found entity 1: mux_2x1 File: D:/OKUL/4-2/446/LAB/EXP1/mux_2x1.v Line: 1
Info (12021): Found 1 design units, including 1 entities, in source file mux_4x1.v
    Info (12023): Found entity 1: mux_4x1 File: D:/OKUL/4-2/446/LAB/EXP1/mux_4x1.v Line: 1
Info (12021): Found 1 design units, including 1 entities, in source file decoder_test_bench.v
    Info (12023): Found entity 1: decoder_test_bench File: D:/OKUL/4-2/446/LAB/EXP1/decoder_test_bench.v Line: 1
Info (12021): Found 1 design units, including 1 entities, in source file mux_2x1_test_bench.v
    Info (12023): Found entity 1: mux_2x1_test_bench File: D:/OKUL/4-2/446/LAB/EXP1/mux_2x1_test_bench.v Line: 1
Info (12021): Found 1 design units, including 1 entities, in source file alu_8op.v
    Info (12023): Found entity 1: alu_8op File: D:/OKUL/4-2/446/LAB/EXP1/alu_8op.v Line: 1
Info (12021): Found 1 design units, including 1 entities, in source file simp_reg_sync_reset.v
    Info (12023): Found entity 1: simp_reg_sync_reset File: D:/OKUL/4-2/446/LAB/EXP1/simp_reg_sync_reset.v Line: 1
Info (12021): Found 1 design units, including 1 entities, in source file simp_reg_sync_reset_with_enable.v
    Info (12023): Found entity 1: simp_reg_sync_reset_with_enable File: D:/OKUL/4-2/446/LAB/EXP1/simp_reg_sync_reset_with_enable.v Line: 1
Info (12021): Found 1 design units, including 1 entities, in source file shift_reg.v
    Info (12023): Found entity 1: shift_reg File: D:/OKUL/4-2/446/LAB/EXP1/shift_reg.v Line: 1
Info (12021): Found 1 design units, including 1 entities, in source file register_file.v
    Info (12023): Found entity 1: register_file File: D:/OKUL/4-2/446/LAB/EXP1/register_file.v Line: 1
Info (12021): Found 1 design units, including 1 entities, in source file datapath_design.bdf
    Info (12023): Found entity 1: datapath_design
Info (12127): Elaborating entity "datapath_design" for the top level hierarchy
Info (12128): Elaborating entity "alu_8op" for hierarchy "alu_8op:inst6"
Warning (10240): Verilog HDL Always Construct warning at alu_8op.v(12): inferring latch(es) for variable "CO", which holds its previous value in one or more paths through the always construct File: D:/OKUL/4-2/446/LAB/EXP1/alu_8op.v Line: 12
Warning (10240): Verilog HDL Always Construct warning at alu_8op.v(12): inferring latch(es) for variable "out", which holds its previous value in one or more paths through the always construct File: D:/OKUL/4-2/446/LAB/EXP1/alu_8op.v Line: 12
Warning (10240): Verilog HDL Always Construct warning at alu_8op.v(12): inferring latch(es) for variable "OVF", which holds its previous value in one or more paths through the always construct File: D:/OKUL/4-2/446/LAB/EXP1/alu_8op.v Line: 12
Warning (10240): Verilog HDL Always Construct warning at alu_8op.v(12): inferring latch(es) for variable "N", which holds its previous value in one or more paths through the always construct File: D:/OKUL/4-2/446/LAB/EXP1/alu_8op.v Line: 12
Warning (10240): Verilog HDL Always Construct warning at alu_8op.v(12): inferring latch(es) for variable "Z", which holds its previous value in one or more paths through the always construct File: D:/OKUL/4-2/446/LAB/EXP1/alu_8op.v Line: 12
Warning (10240): Verilog HDL Always Construct warning at alu_8op.v(12): inferring latch(es) for variable "B_new", which holds its previous value in one or more paths through the always construct File: D:/OKUL/4-2/446/LAB/EXP1/alu_8op.v Line: 12
Warning (10240): Verilog HDL Always Construct warning at alu_8op.v(12): inferring latch(es) for variable "A_new", which holds its previous value in one or more paths through the always construct File: D:/OKUL/4-2/446/LAB/EXP1/alu_8op.v Line: 12
Info (10041): Inferred latch for "Z" at alu_8op.v(22) File: D:/OKUL/4-2/446/LAB/EXP1/alu_8op.v Line: 22
Info (10041): Inferred latch for "N" at alu_8op.v(22) File: D:/OKUL/4-2/446/LAB/EXP1/alu_8op.v Line: 22
Info (10041): Inferred latch for "OVF" at alu_8op.v(22) File: D:/OKUL/4-2/446/LAB/EXP1/alu_8op.v Line: 22
Info (10041): Inferred latch for "out[0]" at alu_8op.v(22) File: D:/OKUL/4-2/446/LAB/EXP1/alu_8op.v Line: 22
Info (10041): Inferred latch for "out[1]" at alu_8op.v(22) File: D:/OKUL/4-2/446/LAB/EXP1/alu_8op.v Line: 22
Info (10041): Inferred latch for "out[2]" at alu_8op.v(22) File: D:/OKUL/4-2/446/LAB/EXP1/alu_8op.v Line: 22
Info (10041): Inferred latch for "out[3]" at alu_8op.v(22) File: D:/OKUL/4-2/446/LAB/EXP1/alu_8op.v Line: 22
Info (10041): Inferred latch for "CO" at alu_8op.v(22) File: D:/OKUL/4-2/446/LAB/EXP1/alu_8op.v Line: 22
Info (12128): Elaborating entity "mux_2x1" for hierarchy "mux_2x1:mux_alu"
Warning (10240): Verilog HDL Always Construct warning at mux_2x1.v(8): inferring latch(es) for variable "out", which holds its previous value in one or more paths through the always construct File: D:/OKUL/4-2/446/LAB/EXP1/mux_2x1.v Line: 8
Info (10041): Inferred latch for "out[0]" at mux_2x1.v(10) File: D:/OKUL/4-2/446/LAB/EXP1/mux_2x1.v Line: 10
Info (10041): Inferred latch for "out[1]" at mux_2x1.v(10) File: D:/OKUL/4-2/446/LAB/EXP1/mux_2x1.v Line: 10
Info (10041): Inferred latch for "out[2]" at mux_2x1.v(10) File: D:/OKUL/4-2/446/LAB/EXP1/mux_2x1.v Line: 10
Info (10041): Inferred latch for "out[3]" at mux_2x1.v(10) File: D:/OKUL/4-2/446/LAB/EXP1/mux_2x1.v Line: 10
Info (12128): Elaborating entity "const_value" for hierarchy "const_value:inst12"
Warning (10230): Verilog HDL assignment warning at const_value.v(7): truncated value with size 32 to match size of target (4) File: D:/OKUL/4-2/446/LAB/EXP1/const_value.v Line: 7
Info (12128): Elaborating entity "simp_reg_sync_reset" for hierarchy "simp_reg_sync_reset:inst4"
Info (12128): Elaborating entity "shift_reg" for hierarchy "shift_reg:inst7"
Warning (14026): LATCH primitive "alu_8op:inst6|out[3]" is permanently enabled File: D:/OKUL/4-2/446/LAB/EXP1/alu_8op.v Line: 22
Warning (14026): LATCH primitive "alu_8op:inst6|out[2]" is permanently enabled File: D:/OKUL/4-2/446/LAB/EXP1/alu_8op.v Line: 22
Warning (14026): LATCH primitive "alu_8op:inst6|out[1]" is permanently enabled File: D:/OKUL/4-2/446/LAB/EXP1/alu_8op.v Line: 22
Warning (14026): LATCH primitive "alu_8op:inst6|out[0]" is permanently enabled File: D:/OKUL/4-2/446/LAB/EXP1/alu_8op.v Line: 22
Warning (14026): LATCH primitive "alu_8op:inst6|CO" is permanently enabled File: D:/OKUL/4-2/446/LAB/EXP1/alu_8op.v Line: 4
Warning (14026): LATCH primitive "alu_8op:inst6|OVF" is permanently enabled File: D:/OKUL/4-2/446/LAB/EXP1/alu_8op.v Line: 4
Warning (14026): LATCH primitive "alu_8op:inst6|N" is permanently enabled File: D:/OKUL/4-2/446/LAB/EXP1/alu_8op.v Line: 4
Warning (14026): LATCH primitive "alu_8op:inst6|Z" is permanently enabled File: D:/OKUL/4-2/446/LAB/EXP1/alu_8op.v Line: 4
Info (286030): Timing-Driven Synthesis is running
Info (16010): Generating hard_block partition "hard_block:auto_generated_inst"
    Info (16011): Adding 0 node(s), including 0 DDIO, 0 PLL, 0 transceiver and 0 LCELL
Info (21057): Implemented 78 device resources after synthesis - the final resource count might be different
    Info (21058): Implemented 14 input pins
    Info (21059): Implemented 16 output pins
    Info (21061): Implemented 48 logic cells
Info: Quartus Prime Analysis & Synthesis was successful. 0 errors, 18 warnings
    Info: Peak virtual memory: 4824 megabytes
    Info: Processing ended: Fri Apr 01 13:19:55 2022
    Info: Elapsed time: 00:00:09
    Info: Total CPU time (on all processors): 00:00:22


