Flow report for multi_cycyle_processor
Sat Jun 04 23:13:50 2022
Quartus Prime Version 20.1.1 Build 720 11/11/2020 SJ Lite Edition


---------------------
; Table of Contents ;
---------------------
  1. Legal Notice
  2. Flow Summary
  3. Flow Settings
  4. Flow Non-Default Global Settings
  5. Flow Elapsed Time
  6. Flow OS Summary
  7. Flow Log
  8. Flow Messages
  9. Flow Suppressed Messages



----------------
; Legal Notice ;
----------------
Copyright (C) 2020  Intel Corporation. All rights reserved.
Your use of Intel Corporation's design tools, logic functions 
and other software and tools, and any partner logic 
functions, and any output files from any of the foregoing 
(including device programming or simulation files), and any 
associated documentation or information are expressly subject 
to the terms and conditions of the Intel Program License 
Subscription Agreement, the Intel Quartus Prime License Agreement,
the Intel FPGA IP License Agreement, or other applicable license
agreement, including, without limitation, that your use is for
the sole purpose of programming logic devices manufactured by
Intel and sold by Intel or its authorized distributors.  Please
refer to the applicable agreement for further details, at
https://fpgasoftware.intel.com/eula.



+-------------------------------------------------------------------------------+
; Flow Summary                                                                  ;
+---------------------------------+---------------------------------------------+
; Flow Status                     ; Successful - Sat Jun 04 23:13:38 2022       ;
; Quartus Prime Version           ; 20.1.1 Build 720 11/11/2020 SJ Lite Edition ;
; Revision Name                   ; multi_cycyle_processor                      ;
; Top-level Entity Name           ; datapath                                    ;
; Family                          ; Cyclone V                                   ;
; Device                          ; 5CGXFC7C7F23C8                              ;
; Timing Models                   ; Final                                       ;
; Logic utilization (in ALMs)     ; 372 / 56,480 ( < 1 % )                      ;
; Total registers                 ; 496                                         ;
; Total pins                      ; 79 / 268 ( 29 % )                           ;
; Total virtual pins              ; 0                                           ;
; Total block memory bits         ; 0 / 7,024,640 ( 0 % )                       ;
; Total DSP Blocks                ; 0 / 156 ( 0 % )                             ;
; Total HSSI RX PCSs              ; 0 / 6 ( 0 % )                               ;
; Total HSSI PMA RX Deserializers ; 0 / 6 ( 0 % )                               ;
; Total HSSI TX PCSs              ; 0 / 6 ( 0 % )                               ;
; Total HSSI PMA TX Serializers   ; 0 / 6 ( 0 % )                               ;
; Total PLLs                      ; 0 / 13 ( 0 % )                              ;
; Total DLLs                      ; 0 / 4 ( 0 % )                               ;
+---------------------------------+---------------------------------------------+


+--------------------------------------------+
; Flow Settings                              ;
+-------------------+------------------------+
; Option            ; Setting                ;
+-------------------+------------------------+
; Start date & time ; 06/04/2022 23:11:22    ;
; Main task         ; Compilation            ;
; Revision Name     ; multi_cycyle_processor ;
+-------------------+------------------------+


+----------------------------------------------------------------------------------------------------------------------------------+
; Flow Non-Default Global Settings                                                                                                 ;
+-------------------------------------+----------------------------------------+------------------------+-------------+------------+
; Assignment Name                     ; Value                                  ; Default Value          ; Entity Name ; Section Id ;
+-------------------------------------+----------------------------------------+------------------------+-------------+------------+
; COMPILER_SIGNATURE_ID               ; 18121611495722.165437348207612         ; --                     ; --          ; --         ;
; MAX_CORE_JUNCTION_TEMP              ; 85                                     ; --                     ; --          ; --         ;
; MIN_CORE_JUNCTION_TEMP              ; 0                                      ; --                     ; --          ; --         ;
; PARTITION_COLOR                     ; -- (Not supported for targeted family) ; --                     ; datapath    ; Top        ;
; PARTITION_FITTER_PRESERVATION_LEVEL ; -- (Not supported for targeted family) ; --                     ; datapath    ; Top        ;
; PARTITION_NETLIST_TYPE              ; -- (Not supported for targeted family) ; --                     ; datapath    ; Top        ;
; POWER_BOARD_THERMAL_MODEL           ; None (CONSERVATIVE)                    ; --                     ; --          ; --         ;
; POWER_PRESET_COOLING_SOLUTION       ; 23 MM HEAT SINK WITH 200 LFPM AIRFLOW  ; --                     ; --          ; --         ;
; PROJECT_OUTPUT_DIRECTORY            ; output_files                           ; --                     ; --          ; --         ;
; TOP_LEVEL_ENTITY                    ; datapath                               ; multi_cycyle_processor ; --          ; --         ;
+-------------------------------------+----------------------------------------+------------------------+-------------+------------+


+--------------------------------------------------------------------------------------------------------------------------+
; Flow Elapsed Time                                                                                                        ;
+----------------------+--------------+-------------------------+---------------------+------------------------------------+
; Module Name          ; Elapsed Time ; Average Processors Used ; Peak Virtual Memory ; Total CPU Time (on all processors) ;
+----------------------+--------------+-------------------------+---------------------+------------------------------------+
; Analysis & Synthesis ; 00:00:15     ; 1.0                     ; 4834 MB             ; 00:00:30                           ;
; Fitter               ; 00:01:40     ; 1.1                     ; 6738 MB             ; 00:03:13                           ;
; Assembler            ; 00:00:14     ; 1.0                     ; 4837 MB             ; 00:00:10                           ;
; Timing Analyzer      ; 00:00:11     ; 1.4                     ; 5214 MB             ; 00:00:13                           ;
; Total                ; 00:02:20     ; --                      ; --                  ; 00:04:06                           ;
+----------------------+--------------+-------------------------+---------------------+------------------------------------+


+------------------------------------------------------------------------------------+
; Flow OS Summary                                                                    ;
+----------------------+------------------+------------+------------+----------------+
; Module Name          ; Machine Hostname ; OS Name    ; OS Version ; Processor type ;
+----------------------+------------------+------------+------------+----------------+
; Analysis & Synthesis ; DESKTOP-24KR4DJ  ; Windows 10 ; 10.0       ; x86_64         ;
; Fitter               ; DESKTOP-24KR4DJ  ; Windows 10 ; 10.0       ; x86_64         ;
; Assembler            ; DESKTOP-24KR4DJ  ; Windows 10 ; 10.0       ; x86_64         ;
; Timing Analyzer      ; DESKTOP-24KR4DJ  ; Windows 10 ; 10.0       ; x86_64         ;
+----------------------+------------------+------------+------------+----------------+


------------
; Flow Log ;
------------
quartus_map --read_settings_files=on --write_settings_files=off multi_cycyle_processor -c multi_cycyle_processor
quartus_fit --read_settings_files=off --write_settings_files=off multi_cycyle_processor -c multi_cycyle_processor
quartus_asm --read_settings_files=off --write_settings_files=off multi_cycyle_processor -c multi_cycyle_processor
quartus_sta multi_cycyle_processor -c multi_cycyle_processor



